[debug] [2023-12-06T19:35:55.331Z] ----------------------------------------------------------------------
[debug] [2023-12-06T19:35:55.333Z] Command:       /Users/christianrosado/.nvm/versions/node/v16.20.0/bin/node /Users/christianrosado/.nvm/versions/node/v16.20.0/bin/firebase deploy
[debug] [2023-12-06T19:35:55.333Z] CLI Version:   12.7.0
[debug] [2023-12-06T19:35:55.334Z] Platform:      darwin
[debug] [2023-12-06T19:35:55.334Z] Node Version:  v16.20.0
[debug] [2023-12-06T19:35:55.335Z] Time:          Wed Dec 06 2023 15:35:55 GMT-0400 (Atlantic Standard Time)
[debug] [2023-12-06T19:35:55.335Z] ----------------------------------------------------------------------
[debug] 
[debug] [2023-12-06T19:35:55.401Z] > command requires scopes: ["email","openid","https://www.googleapis.com/auth/cloudplatformprojects.readonly","https://www.googleapis.com/auth/firebase","https://www.googleapis.com/auth/cloud-platform"]
[debug] [2023-12-06T19:35:55.402Z] > authorizing via signed-in user (christian.rosado20@upr.edu)
[debug] [2023-12-06T19:35:55.402Z] [iam] checking project rewwardy-capstone for permissions ["firebase.projects.get","firebasehosting.sites.update"]
[debug] [2023-12-06T19:35:55.404Z] >>> [apiv2][query] POST https://cloudresourcemanager.googleapis.com/v1/projects/rewwardy-capstone:testIamPermissions [none]
[debug] [2023-12-06T19:35:55.404Z] >>> [apiv2][(partial)header] POST https://cloudresourcemanager.googleapis.com/v1/projects/rewwardy-capstone:testIamPermissions x-goog-quota-user=projects/rewwardy-capstone
[debug] [2023-12-06T19:35:55.404Z] >>> [apiv2][body] POST https://cloudresourcemanager.googleapis.com/v1/projects/rewwardy-capstone:testIamPermissions {"permissions":["firebase.projects.get","firebasehosting.sites.update"]}
[debug] [2023-12-06T19:35:55.799Z] <<< [apiv2][status] POST https://cloudresourcemanager.googleapis.com/v1/projects/rewwardy-capstone:testIamPermissions 200
[debug] [2023-12-06T19:35:55.800Z] <<< [apiv2][body] POST https://cloudresourcemanager.googleapis.com/v1/projects/rewwardy-capstone:testIamPermissions {"permissions":["firebase.projects.get","firebasehosting.sites.update"]}
[debug] [2023-12-06T19:35:55.801Z] >>> [apiv2][query] GET https://firebase.googleapis.com/v1beta1/projects/rewwardy-capstone [none]
[debug] [2023-12-06T19:35:56.189Z] <<< [apiv2][status] GET https://firebase.googleapis.com/v1beta1/projects/rewwardy-capstone 200
[debug] [2023-12-06T19:35:56.189Z] <<< [apiv2][body] GET https://firebase.googleapis.com/v1beta1/projects/rewwardy-capstone {"projectId":"rewwardy-capstone","projectNumber":"859664818673","displayName":"rewwardy","name":"projects/rewwardy-capstone","resources":{"hostingSite":"rewwardy-capstone","storageBucket":"rewwardy-capstone.appspot.com","locationId":"us-central"},"state":"ACTIVE","etag":"1_78ecb2a5-6cb3-451f-bab9-629fb405025a"}
[debug] [2023-12-06T19:36:06.954Z] SyntaxError: Unexpected end of JSON input
    at JSON.parse (<anonymous>)
    at findDependency (/Users/christianrosado/.nvm/versions/node/v16.20.0/lib/node_modules/firebase-tools/lib/frameworks/utils.js:187:23)
    at prepareFrameworks (/Users/christianrosado/.nvm/versions/node/v16.20.0/lib/node_modules/firebase-tools/lib/frameworks/index.js:123:67)
    at deploy (/Users/christianrosado/.nvm/versions/node/v16.20.0/lib/node_modules/firebase-tools/lib/deploy/index.js:55:54)
    at Command.actionFn (/Users/christianrosado/.nvm/versions/node/v16.20.0/lib/node_modules/firebase-tools/lib/commands/deploy.js:79:32)
    at /Users/christianrosado/.nvm/versions/node/v16.20.0/lib/node_modules/firebase-tools/lib/command.js:228:25
    at processTicksAndRejections (node:internal/process/task_queues:96:5)
[error] 
[error] Error: An unexpected error has occurred.
[debug] [2023-12-06T19:36:30.089Z] ----------------------------------------------------------------------
[debug] [2023-12-06T19:36:30.091Z] Command:       /Users/christianrosado/.nvm/versions/node/v16.20.0/bin/node /Users/christianrosado/.nvm/versions/node/v16.20.0/bin/firebase deploy
[debug] [2023-12-06T19:36:30.091Z] CLI Version:   12.7.0
[debug] [2023-12-06T19:36:30.091Z] Platform:      darwin
[debug] [2023-12-06T19:36:30.091Z] Node Version:  v16.20.0
[debug] [2023-12-06T19:36:30.093Z] Time:          Wed Dec 06 2023 15:36:30 GMT-0400 (Atlantic Standard Time)
[debug] [2023-12-06T19:36:30.093Z] ----------------------------------------------------------------------
[debug] 
[debug] [2023-12-06T19:36:30.156Z] > command requires scopes: ["email","openid","https://www.googleapis.com/auth/cloudplatformprojects.readonly","https://www.googleapis.com/auth/firebase","https://www.googleapis.com/auth/cloud-platform"]
[debug] [2023-12-06T19:36:30.157Z] > authorizing via signed-in user (christian.rosado20@upr.edu)
[debug] [2023-12-06T19:36:30.157Z] [iam] checking project rewwardy-capstone for permissions ["firebase.projects.get","firebasehosting.sites.update"]
[debug] [2023-12-06T19:36:30.158Z] >>> [apiv2][query] POST https://cloudresourcemanager.googleapis.com/v1/projects/rewwardy-capstone:testIamPermissions [none]
[debug] [2023-12-06T19:36:30.159Z] >>> [apiv2][(partial)header] POST https://cloudresourcemanager.googleapis.com/v1/projects/rewwardy-capstone:testIamPermissions x-goog-quota-user=projects/rewwardy-capstone
[debug] [2023-12-06T19:36:30.159Z] >>> [apiv2][body] POST https://cloudresourcemanager.googleapis.com/v1/projects/rewwardy-capstone:testIamPermissions {"permissions":["firebase.projects.get","firebasehosting.sites.update"]}
[debug] [2023-12-06T19:36:30.539Z] <<< [apiv2][status] POST https://cloudresourcemanager.googleapis.com/v1/projects/rewwardy-capstone:testIamPermissions 200
[debug] [2023-12-06T19:36:30.539Z] <<< [apiv2][body] POST https://cloudresourcemanager.googleapis.com/v1/projects/rewwardy-capstone:testIamPermissions {"permissions":["firebase.projects.get","firebasehosting.sites.update"]}
[debug] [2023-12-06T19:36:30.540Z] >>> [apiv2][query] GET https://firebase.googleapis.com/v1beta1/projects/rewwardy-capstone [none]
[debug] [2023-12-06T19:36:30.915Z] <<< [apiv2][status] GET https://firebase.googleapis.com/v1beta1/projects/rewwardy-capstone 200
[debug] [2023-12-06T19:36:30.915Z] <<< [apiv2][body] GET https://firebase.googleapis.com/v1beta1/projects/rewwardy-capstone {"projectId":"rewwardy-capstone","projectNumber":"859664818673","displayName":"rewwardy","name":"projects/rewwardy-capstone","resources":{"hostingSite":"rewwardy-capstone","storageBucket":"rewwardy-capstone.appspot.com","locationId":"us-central"},"state":"ACTIVE","etag":"1_78ecb2a5-6cb3-451f-bab9-629fb405025a"}
[debug] [2023-12-06T19:36:41.660Z] SyntaxError: Unexpected end of JSON input
    at JSON.parse (<anonymous>)
    at findDependency (/Users/christianrosado/.nvm/versions/node/v16.20.0/lib/node_modules/firebase-tools/lib/frameworks/utils.js:187:23)
    at prepareFrameworks (/Users/christianrosado/.nvm/versions/node/v16.20.0/lib/node_modules/firebase-tools/lib/frameworks/index.js:123:67)
    at deploy (/Users/christianrosado/.nvm/versions/node/v16.20.0/lib/node_modules/firebase-tools/lib/deploy/index.js:55:54)
    at Command.actionFn (/Users/christianrosado/.nvm/versions/node/v16.20.0/lib/node_modules/firebase-tools/lib/commands/deploy.js:79:32)
    at /Users/christianrosado/.nvm/versions/node/v16.20.0/lib/node_modules/firebase-tools/lib/command.js:228:25
    at processTicksAndRejections (node:internal/process/task_queues:96:5)
[error] 
[error] Error: An unexpected error has occurred.
[debug] [2023-12-06T21:01:05.754Z] ----------------------------------------------------------------------
[debug] [2023-12-06T21:01:05.757Z] Command:       /Users/christianrosado/.nvm/versions/node/v16.20.0/bin/node /Users/christianrosado/.nvm/versions/node/v16.20.0/bin/firebase deploy
[debug] [2023-12-06T21:01:05.757Z] CLI Version:   12.7.0
[debug] [2023-12-06T21:01:05.757Z] Platform:      darwin
[debug] [2023-12-06T21:01:05.758Z] Node Version:  v16.20.0
[debug] [2023-12-06T21:01:05.764Z] Time:          Wed Dec 06 2023 17:01:05 GMT-0400 (Atlantic Standard Time)
[debug] [2023-12-06T21:01:05.764Z] ----------------------------------------------------------------------
[debug] 
[debug] [2023-12-06T21:01:05.835Z] > command requires scopes: ["email","openid","https://www.googleapis.com/auth/cloudplatformprojects.readonly","https://www.googleapis.com/auth/firebase","https://www.googleapis.com/auth/cloud-platform"]
[debug] [2023-12-06T21:01:05.835Z] > authorizing via signed-in user (christian.rosado20@upr.edu)
[debug] [2023-12-06T21:01:05.835Z] [iam] checking project rewwardy-capstone for permissions ["firebase.projects.get","firebasehosting.sites.update"]
[debug] [2023-12-06T21:01:05.837Z] > refreshing access token with scopes: []
[debug] [2023-12-06T21:01:05.838Z] >>> [apiv2][query] POST https://www.googleapis.com/oauth2/v3/token [none]
[debug] [2023-12-06T21:01:05.839Z] >>> [apiv2][body] POST https://www.googleapis.com/oauth2/v3/token [omitted]
[debug] [2023-12-06T21:01:06.112Z] <<< [apiv2][status] POST https://www.googleapis.com/oauth2/v3/token 200
[debug] [2023-12-06T21:01:06.112Z] <<< [apiv2][body] POST https://www.googleapis.com/oauth2/v3/token [omitted]
[debug] [2023-12-06T21:01:06.158Z] >>> [apiv2][query] POST https://cloudresourcemanager.googleapis.com/v1/projects/rewwardy-capstone:testIamPermissions [none]
[debug] [2023-12-06T21:01:06.158Z] >>> [apiv2][(partial)header] POST https://cloudresourcemanager.googleapis.com/v1/projects/rewwardy-capstone:testIamPermissions x-goog-quota-user=projects/rewwardy-capstone
[debug] [2023-12-06T21:01:06.158Z] >>> [apiv2][body] POST https://cloudresourcemanager.googleapis.com/v1/projects/rewwardy-capstone:testIamPermissions {"permissions":["firebase.projects.get","firebasehosting.sites.update"]}
[debug] [2023-12-06T21:01:06.583Z] <<< [apiv2][status] POST https://cloudresourcemanager.googleapis.com/v1/projects/rewwardy-capstone:testIamPermissions 200
[debug] [2023-12-06T21:01:06.583Z] <<< [apiv2][body] POST https://cloudresourcemanager.googleapis.com/v1/projects/rewwardy-capstone:testIamPermissions {"permissions":["firebase.projects.get","firebasehosting.sites.update"]}
[debug] [2023-12-06T21:01:06.585Z] >>> [apiv2][query] GET https://firebase.googleapis.com/v1beta1/projects/rewwardy-capstone [none]
[debug] [2023-12-06T21:01:06.980Z] <<< [apiv2][status] GET https://firebase.googleapis.com/v1beta1/projects/rewwardy-capstone 200
[debug] [2023-12-06T21:01:06.980Z] <<< [apiv2][body] GET https://firebase.googleapis.com/v1beta1/projects/rewwardy-capstone {"projectId":"rewwardy-capstone","projectNumber":"859664818673","displayName":"rewwardy","name":"projects/rewwardy-capstone","resources":{"hostingSite":"rewwardy-capstone","storageBucket":"rewwardy-capstone.appspot.com","locationId":"us-central"},"state":"ACTIVE","etag":"1_78ecb2a5-6cb3-451f-bab9-629fb405025a"}
[debug] [2023-12-06T21:01:09.263Z] >>> [apiv2][query] GET https://firebasehosting.googleapis.com/v1beta1/projects/rewwardy-capstone/sites pageToken=&pageSize=10
[debug] [2023-12-06T21:01:10.133Z] <<< [apiv2][status] GET https://firebasehosting.googleapis.com/v1beta1/projects/rewwardy-capstone/sites 200
[debug] [2023-12-06T21:01:10.133Z] <<< [apiv2][body] GET https://firebasehosting.googleapis.com/v1beta1/projects/rewwardy-capstone/sites {"sites":[{"name":"projects/rewwardy-capstone/sites/rewwardy-capstone","defaultUrl":"https://rewwardy-capstone.web.app","appId":"1:859664818673:web:788f4abfd6b5b211d32450","type":"DEFAULT_SITE"}]}
[debug] [2023-12-06T21:01:10.134Z] >>> [apiv2][query] GET https://firebase.googleapis.com/v1beta1/projects/-/webApps/1:859664818673:web:788f4abfd6b5b211d32450/config [none]
[debug] [2023-12-06T21:01:10.722Z] <<< [apiv2][status] GET https://firebase.googleapis.com/v1beta1/projects/-/webApps/1:859664818673:web:788f4abfd6b5b211d32450/config 200
[debug] [2023-12-06T21:01:10.723Z] <<< [apiv2][body] GET https://firebase.googleapis.com/v1beta1/projects/-/webApps/1:859664818673:web:788f4abfd6b5b211d32450/config {"projectId":"rewwardy-capstone","appId":"1:859664818673:web:788f4abfd6b5b211d32450","storageBucket":"rewwardy-capstone.appspot.com","locationId":"us-central","apiKey":"AIzaSyAN9uJ18yZMHR0qYDM-_-VIewa0xZ2XnVE","authDomain":"rewwardy-capstone.firebaseapp.com","messagingSenderId":"859664818673","measurementId":"G-XH5DP210M6"}
[info] 
   Thank you for trying our early preview of Next.js support on Firebase Hosting.
   During the preview, support is best-effort and breaking changes can be expected. Proceed with caution.

   Documentation: https://firebase.google.com/docs/hosting/frameworks/nextjs
   File a bug: https://github.com/firebase/firebase-tools/issues/new?template=bug_report.md
   Submit a feature request: https://github.com/firebase/firebase-tools/issues/new?template=feature_request.md

   We'd love to learn from you. Express your interest in helping us shape the future of Firebase Hosting: https://goo.gle/41enW5X

[info]    Linting and checking validity of types ...

[info] 
./pages/admin/dashboard.js
166:6  Warning: React Hook useEffect has a missing dependency: 'businessid'. Either include it or remove the dependency array.  react-hooks/exhaustive-deps

./pages/admin/rewards/index.js
39:6  Warning: React Hook useEffect has a missing dependency: 'businessid'. Either include it or remove the dependency array.  react-hooks/exhaustive-deps

./pages/dashboard.js
27:9  Warning: Image elements must have an alt prop, either with meaningful text, or an empty string for decorative images.  jsx-a11y/alt-text

./pages/reward/more-info/[id].js
56:6  Warning: React Hook useEffect has a missing dependency: 'userId'. Either include it or remove the dependency array.  react-hooks/exhaustive-deps

./pages/reward/progress/[id].js
66:6  Warning: React Hook useEffect has a missing dependency: 'userId'. Either include it or remove the dependency array.  react-hooks/exhaustive-deps

info  - Need to disable some ESLint rules? Learn more here: https://nextjs.org/docs/basic-features/eslint#disabling-rules

[info]    Creating an optimized production build ...

[info]  ⚠ Compiled with warnings


[info] ./components/TopNavbar.js
Attempted import error: 'MenuItem' is not exported from '@mui/material/MenuItem' (imported as 'MenuItem').

Import trace for requested module:
./components/TopNavbar.js
./components/index.js

./components/TopNavbar.js
Attempted import error: 'MenuItem' is not exported from '@mui/material/MenuItem' (imported as 'MenuItem').

Import trace for requested module:
./components/TopNavbar.js
./components/index.js

./components/TopNavbar.js
Attempted import error: 'MenuItem' is not exported from '@mui/material/MenuItem' (imported as 'MenuItem').

Import trace for requested module:
./components/TopNavbar.js
./components/index.js


[info]    Collecting page data ...

[info]    Generating static pages (0/22) ...

[info]    Generating static pages (5/22) 

[info]    Generating static pages (10/22) 

[info]    Generating static pages (16/22) 

[info]  ✓ Generating static pages (22/22) 

[info]    Finalizing page optimization ...

[info]    Collecting build traces ...

[info] 

[info] Route (pages)                              Size     First Load JS
┌ ○ /                                      2.43 kB         273 kB
├   /_app                                  0 B            79.4 kB
├ ○ /404                                   181 B          79.6 kB
├ ○ /about                                 4.39 kB         260 kB
├   └ css/46356053901d6c49.css             1.3 kB
├ ○ /admin                                 2.22 kB         272 kB
├ ○ /admin/dashboard                       4.83 kB         257 kB
├   └ css/f5a20951d1cb9c6d.css             1.22 kB
├ ○ /admin/forgot                          2.13 kB         272 kB
├ ○ /admin/qrcode                          7.89 kB         260 kB
├ ○ /admin/register                        4.47 kB         275 kB
├   └ css/b866f7c214204c02.css             969 B
├ ○ /admin/rewards                         4.32 kB         256 kB
├   └ css/8fd3d61b0e930097.css             1.15 kB
├ ○ /admin/rewards/[id]                    4.28 kB         260 kB
├ ○ /admin/rewards/create                  9.45 kB         280 kB
├   └ css/433bbcdf63864c2f.css             1.09 kB
├ ○ /admin/search                          2.33 kB         273 kB
├   └ css/fa9cea1addfc478b.css             641 B
├ ○ /challenge                             2.75 kB         259 kB
├   └ css/28b950632731245d.css             1.61 kB
├ ○ /dashboard                             2.76 kB         259 kB
├   └ css/48a8417840e57476.css             1.41 kB
├ ○ /forgot                                2.31 kB         273 kB
├ ○ /register                              6.15 kB         276 kB
├   └ css/b293e242a95e4e92.css             1.44 kB
├ ● /reward                                2.62 kB         259 kB
├   └ css/76e258f9adf0e5a5.css             1.61 kB
├ ○ /reward/more-info/[id]                 4.5 kB          260 kB
├ ○ /reward/progress/[id]                  4.64 kB         261 kB
├ ○ /reward/redeem/[id]                    2.35 kB         258 kB
└ ○ /scanner                               116 kB          368 kB
    └ css/1a9e93193bb6d2d6.css             1.16 kB
+ First Load JS shared by all              79.8 kB
  ├ chunks/framework-0c7baedefba6b077.js   45.3 kB
  ├ chunks/main-75623049b75f64cc.js        32.8 kB
  ├ chunks/pages/_app-7afb41b80e44fd2f.js  295 B
  ├ chunks/webpack-6af0e3c12b874bb0.js     1.02 kB
  └ css/94a00cf4255b8ed8.css               397 B


[info] ○  (Static)  automatically rendered as static HTML (uses no initial props)
●  (SSG)     automatically generated as static HTML + JSON (uses getStaticProps)


[info] Building a Cloud Function to run this application. This is needed due to:
[info]  • Image Optimization
[info] 
